[0m17:38:56.097828 [debug] [MainThread]: Sending event: {'category': 'dbt', 'action': 'invocation', 'label': 'start', 'context': [<snowplow_tracker.self_describing_json.SelfDescribingJson object at 0x10c350c20>, <snowplow_tracker.self_describing_json.SelfDescribingJson object at 0x10d40b9d0>, <snowplow_tracker.self_describing_json.SelfDescribingJson object at 0x10d40bb10>]}


============================== 17:38:56.111294 | ff27df3f-a535-4a7e-961c-b41e5edb8972 ==============================
[0m17:38:56.111294 [info ] [MainThread]: Running with dbt=1.10.18
[0m17:38:56.111523 [debug] [MainThread]: running dbt with arguments {'write_json': 'True', 'quiet': 'False', 'use_experimental_parser': 'False', 'version_check': 'True', 'indirect_selection': 'eager', 'cache_selected_only': 'False', 'log_cache_events': 'False', 'empty': 'None', 'partial_parse': 'True', 'log_format': 'default', 'send_anonymous_usage_stats': 'True', 'target_path': 'None', 'static_parser': 'True', 'fail_fast': 'False', 'use_colors': 'True', 'invocation_command': 'dbt init', 'warn_error_options': 'WarnErrorOptionsV2(error=[], warn=[], silence=[])', 'no_print': 'None', 'warn_error': 'None', 'debug': 'False', 'profiles_dir': '/Users/tranngoctuan0910/.dbt', 'printer_width': '80', 'log_path': 'logs', 'introspect': 'True'}
[0m17:39:01.107695 [debug] [MainThread]: Starter project path: /Users/tranngoctuan0910/Workspaces/Test/TestRisingWave/.venv/lib/python3.13/site-packages/dbt/include/starter_project
[0m17:39:01.115597 [info ] [MainThread]: 
Your new dbt project "jaffle_shop" was created!

For more information on how to configure the profiles.yml file,
please consult the dbt documentation here:

  https://docs.getdbt.com/docs/configure-your-profile

One more thing:

Need help? Don't hesitate to reach out to us via GitHub issues or on Slack:

  https://community.getdbt.com/

Happy modeling!

[0m17:39:01.116066 [info ] [MainThread]: Setting up your profile.
[0m17:39:04.510929 [debug] [MainThread]: Resource report: {"command_name": "init", "command_success": true, "command_wall_clock_time": 8.437005, "process_in_blocks": "0", "process_kernel_time": 0.261842, "process_mem_max_rss": "138854400", "process_out_blocks": "0", "process_user_time": 1.145824}
[0m17:39:04.511768 [debug] [MainThread]: Command `dbt init` succeeded at 17:39:04.511619 after 8.44 seconds
[0m17:39:04.512313 [debug] [MainThread]: Sending event: {'category': 'dbt', 'action': 'invocation', 'label': 'end', 'context': [<snowplow_tracker.self_describing_json.SelfDescribingJson object at 0x10d4d03e0>, <snowplow_tracker.self_describing_json.SelfDescribingJson object at 0x10d532690>, <snowplow_tracker.self_describing_json.SelfDescribingJson object at 0x10d4a85a0>]}
[0m17:39:04.512703 [debug] [MainThread]: Flushing usage events
[0m17:39:05.630787 [debug] [MainThread]: An error was encountered while trying to flush usage events
[0m18:08:34.565007 [debug] [MainThread]: Sending event: {'category': 'dbt', 'action': 'invocation', 'label': 'start', 'context': [<snowplow_tracker.self_describing_json.SelfDescribingJson object at 0x10c86c980>, <snowplow_tracker.self_describing_json.SelfDescribingJson object at 0x10d763c50>, <snowplow_tracker.self_describing_json.SelfDescribingJson object at 0x10d763ed0>]}


============================== 18:08:34.567412 | d3ba9ffd-2113-4905-975f-5ff9319bfb94 ==============================
[0m18:08:34.567412 [info ] [MainThread]: Running with dbt=1.10.18
[0m18:08:34.567622 [debug] [MainThread]: running dbt with arguments {'partial_parse': 'True', 'invocation_command': 'dbt run -s user_events_deduplicated', 'warn_error_options': 'WarnErrorOptionsV2(error=[], warn=[], silence=[])', 'profiles_dir': '/Users/tranngoctuan0910/.dbt', 'warn_error': 'None', 'empty': 'False', 'version_check': 'True', 'write_json': 'True', 'log_format': 'default', 'cache_selected_only': 'False', 'quiet': 'False', 'printer_width': '80', 'introspect': 'True', 'debug': 'False', 'indirect_selection': 'eager', 'log_path': 'logs', 'log_cache_events': 'False', 'use_experimental_parser': 'False', 'send_anonymous_usage_stats': 'True', 'static_parser': 'True', 'use_colors': 'True', 'no_print': 'None', 'fail_fast': 'False', 'target_path': 'None'}
[0m18:08:34.567850 [error] [MainThread]: Encountered an error:
Runtime Error
  No dbt_project.yml found at expected path /Users/tranngoctuan0910/Workspaces/Test/TestRisingWave/dbt_project.yml
  Verify that each entry within packages.yml (and their transitive dependencies) contains a file named dbt_project.yml
  
[0m18:08:34.568073 [debug] [MainThread]: Resource report: {"command_name": "run", "command_success": false, "command_wall_clock_time": 0.030907417, "process_in_blocks": "0", "process_kernel_time": 0.095793, "process_mem_max_rss": "107888640", "process_out_blocks": "0", "process_user_time": 0.397968}
[0m18:08:34.568266 [debug] [MainThread]: Command `dbt run` failed at 18:08:34.568228 after 0.03 seconds
[0m18:08:34.568380 [debug] [MainThread]: Sending event: {'category': 'dbt', 'action': 'invocation', 'label': 'end', 'context': [<snowplow_tracker.self_describing_json.SelfDescribingJson object at 0x10d7b1940>, <snowplow_tracker.self_describing_json.SelfDescribingJson object at 0x10d67ad50>, <snowplow_tracker.self_describing_json.SelfDescribingJson object at 0x10d810270>]}
[0m18:08:34.568485 [debug] [MainThread]: Flushing usage events
[0m18:08:37.096607 [debug] [MainThread]: An error was encountered while trying to flush usage events
